{
  "RSpec": {
    "coverage": {
      "/mnt/c/bloc-linux/bl-assignments/OpenToDo/spec/models/item_spec.rb": [
        1,
        null,
        1,
        2,
        null,
        2,
        2,
        null,
        1,
        1,
        1,
        null,
        null,
        null
      ],
      "/mnt/c/bloc-linux/bl-assignments/OpenToDo/spec/rails_helper.rb": [
        null,
        1,
        1,
        null,
        1,
        1,
        1,
        null,
        1,
        null,
        null,
        null,
        null,
        null,
        null,
        null,
        null,
        null,
        null,
        null,
        null,
        null,
        1,
        null,
        null,
        null,
        1,
        null,
        1,
        1,
        1,
        1,
        null,
        null,
        null,
        1,
        null,
        1,
        null,
        null,
        null,
        null,
        1,
        null,
        1,
        null,
        1,
        1,
        1,
        null,
        null,
        1,
        22,
        22,
        null,
        null,
        null,
        null,
        null,
        null,
        null,
        null,
        null,
        null,
        null,
        null,
        null,
        null,
        null,
        1,
        null,
        null,
        null,
        null,
        1,
        null,
        null,
        null
      ],
      "/mnt/c/bloc-linux/bl-assignments/OpenToDo/config/environment.rb": [
        null,
        1,
        null,
        null,
        1
      ],
      "/mnt/c/bloc-linux/bl-assignments/OpenToDo/config/application.rb": [
        1,
        null,
        1,
        null,
        1,
        1,
        1,
        1,
        1,
        1,
        1,
        1,
        null,
        null,
        null,
        null,
        null,
        1,
        null,
        1,
        1,
        null,
        1,
        null,
        null,
        null,
        null,
        null,
        1,
        null,
        null,
        null,
        null,
        1,
        null,
        null
      ],
      "/mnt/c/bloc-linux/bl-assignments/OpenToDo/config/boot.rb": [
        1,
        null,
        1,
        1
      ],
      "/mnt/c/bloc-linux/bl-assignments/OpenToDo/config/environments/test.rb": [
        1,
        null,
        null,
        null,
        null,
        null,
        null,
        1,
        null,
        null,
        null,
        null,
        1,
        null,
        null,
        1,
        1,
        null,
        null,
        null,
        null,
        1,
        1,
        null,
        null,
        1,
        null,
        null,
        1,
        null,
        null,
        1,
        null,
        1,
        null,
        null,
        null,
        null,
        1,
        null,
        null,
        1,
        null,
        null,
        null,
        null
      ],
      "/mnt/c/bloc-linux/bl-assignments/OpenToDo/config/initializers/application_controller_renderer.rb": [
        null,
        null,
        null,
        null,
        null,
        null,
        null,
        null
      ],
      "/mnt/c/bloc-linux/bl-assignments/OpenToDo/config/initializers/backtrace_silencers.rb": [
        null,
        null,
        null,
        null,
        null,
        null,
        null
      ],
      "/mnt/c/bloc-linux/bl-assignments/OpenToDo/config/initializers/cors.rb": [
        null,
        null,
        null,
        null,
        null,
        null,
        null,
        null,
        null,
        null,
        null,
        null,
        null,
        null,
        null,
        null
      ],
      "/mnt/c/bloc-linux/bl-assignments/OpenToDo/config/initializers/filter_parameter_logging.rb": [
        null,
        null,
        null,
        1
      ],
      "/mnt/c/bloc-linux/bl-assignments/OpenToDo/config/initializers/inflections.rb": [
        null,
        null,
        null,
        null,
        null,
        null,
        null,
        null,
        null,
        null,
        null,
        null,
        null,
        null,
        null,
        null
      ],
      "/mnt/c/bloc-linux/bl-assignments/OpenToDo/config/initializers/mime_types.rb": [
        null,
        null,
        null,
        null
      ],
      "/mnt/c/bloc-linux/bl-assignments/OpenToDo/config/initializers/wrap_parameters.rb": [
        null,
        null,
        null,
        null,
        null,
        null,
        1,
        1,
        null,
        null,
        null,
        null,
        null,
        null
      ],
      "/mnt/c/bloc-linux/bl-assignments/OpenToDo/spec/factories/items.rb": [
        1,
        1,
        2,
        1,
        null,
        null
      ],
      "/mnt/c/bloc-linux/bl-assignments/OpenToDo/spec/factories/lists.rb": [
        1,
        1,
        4,
        4,
        4,
        1,
        null,
        null
      ],
      "/mnt/c/bloc-linux/bl-assignments/OpenToDo/spec/factories/users.rb": [
        1,
        1,
        null,
        1,
        6,
        6,
        7,
        7,
        null,
        null
      ],
      "/mnt/c/bloc-linux/bl-assignments/OpenToDo/config/routes.rb": [
        1,
        null,
        null
      ],
      "/mnt/c/bloc-linux/bl-assignments/OpenToDo/app/models/item.rb": [
        1,
        null,
        1,
        null,
        null,
        1,
        null
      ],
      "/mnt/c/bloc-linux/bl-assignments/OpenToDo/app/models/application_record.rb": [
        1,
        1,
        null
      ],
      "/mnt/c/bloc-linux/bl-assignments/OpenToDo/spec/models/list_spec.rb": [
        1,
        null,
        null,
        1,
        3,
        1,
        null,
        null,
        2,
        2,
        null,
        null,
        null,
        2,
        2,
        null,
        1,
        1,
        1,
        null,
        null,
        1,
        1,
        null,
        null,
        null
      ],
      "/mnt/c/bloc-linux/bl-assignments/OpenToDo/app/models/list.rb": [
        1,
        null,
        1,
        1,
        null,
        null,
        1,
        1,
        null
      ],
      "/mnt/c/bloc-linux/bl-assignments/OpenToDo/spec/models/user_spec.rb": [
        1,
        null,
        null,
        1,
        2,
        null,
        null,
        2,
        null,
        null,
        2,
        2,
        null,
        null,
        2,
        2,
        2,
        2,
        null,
        null,
        2,
        2,
        2,
        null,
        1,
        1,
        1,
        null,
        null,
        1,
        2,
        2,
        null,
        1,
        1,
        null,
        null,
        1,
        1,
        null,
        null,
        null,
        null
      ],
      "/mnt/c/bloc-linux/bl-assignments/OpenToDo/app/models/user.rb": [
        1,
        null,
        1,
        null,
        null,
        1,
        null,
        null,
        1,
        37,
        1,
        1,
        null
      ],
      "/mnt/c/bloc-linux/bl-assignments/OpenToDo/lib/random_data.rb": [
        1,
        null,
        1,
        0,
        0,
        0,
        null,
        null,
        1,
        5,
        null,
        null,
        1,
        0,
        0,
        0,
        null,
        null,
        0,
        null,
        null,
        1,
        6,
        6,
        40,
        null,
        null,
        6,
        6,
        null,
        null,
        1,
        55,
        55,
        55,
        null,
        null
      ]
    },
    "timestamp": 1529059476
  }
}
